# JRE version: Java(TM) SE Runtime Environment (8.0_192-b12) (build 1.8.0_192-b12)
# Java VM: Java HotSpot(TM) 64-Bit Server VM (25.192-b12 mixed mode windows-amd64 compressed oops)
Heap:
 PSYoungGen      total 288768K, used 2621K [0x000000076b400000, 0x000000077eb00000, 0x00000007c0000000)
  eden space 262144K, 1% used [0x000000076b400000,0x000000076b68f660,0x000000077b400000)
  from space 26624K, 0% used [0x000000077d100000,0x000000077d100000,0x000000077eb00000)
  to   space 28160K, 0% used [0x000000077b400000,0x000000077b400000,0x000000077cf80000)
 ParOldGen       total 88576K, used 6674K [0x00000006c1c00000, 0x00000006c7280000, 0x000000076b400000)
  object space 88576K, 7% used [0x00000006c1c00000,0x00000006c2284990,0x00000006c7280000)
 Metaspace       used 21714K, capacity 22101K, committed 22444K, reserved 1069056K
  class space    used 2379K, capacity 2486K, committed 2560K, reserved 1048576K
GC Heap History (10 events):
Event: 2.417 GC heap before
{Heap before GC invocations=7 (full 2):
 PSYoungGen      total 76288K, used 76268K [0x000000076b400000, 0x0000000774900000, 0x00000007c0000000)
  eden space 65536K, 100% used [0x000000076b400000,0x000000076f400000,0x000000076f400000)
  from space 10752K, 99% used [0x000000076fe80000,0x00000007708fb1f0,0x0000000770900000)
  to   space 10752K, 0% used [0x000000076f400000,0x000000076f400000,0x000000076fe80000)
 ParOldGen       total 175104K, used 8336K [0x00000006c1c00000, 0x00000006cc700000, 0x000000076b400000)
  object space 175104K, 4% used [0x00000006c1c00000,0x00000006c2424018,0x00000006cc700000)
 Metaspace       used 20626K, capacity 20949K, committed 21120K, reserved 1069056K
  class space    used 2342K, capacity 2422K, committed 2432K, reserved 1048576K
Event: 2.431 GC heap after
Heap after GC invocations=7 (full 2):
 PSYoungGen      total 76288K, used 10739K [0x000000076b400000, 0x0000000774900000, 0x00000007c0000000)
  eden space 65536K, 0% used [0x000000076b400000,0x000000076b400000,0x000000076f400000)
  from space 10752K, 99% used [0x000000076f400000,0x000000076fe7cf48,0x000000076fe80000)
  to   space 10752K, 0% used [0x0000000773e80000,0x0000000773e80000,0x0000000774900000)
 ParOldGen       total 175104K, used 27094K [0x00000006c1c00000, 0x00000006cc700000, 0x000000076b400000)
  object space 175104K, 15% used [0x00000006c1c00000,0x00000006c3675900,0x00000006cc700000)
 Metaspace       used 20626K, capacity 20949K, committed 21120K, reserved 1069056K
  class space    used 2342K, capacity 2422K, committed 2432K, reserved 1048576K
}
Event: 2.541 GC heap before
{Heap before GC invocations=8 (full 2):
 PSYoungGen      total 76288K, used 76275K [0x000000076b400000, 0x0000000774900000, 0x00000007c0000000)
  eden space 65536K, 100% used [0x000000076b400000,0x000000076f400000,0x000000076f400000)
  from space 10752K, 99% used [0x000000076f400000,0x000000076fe7cf48,0x000000076fe80000)
  to   space 10752K, 0% used [0x0000000773e80000,0x0000000773e80000,0x0000000774900000)
 ParOldGen       total 175104K, used 27094K [0x00000006c1c00000, 0x00000006cc700000, 0x000000076b400000)
  object space 175104K, 15% used [0x00000006c1c00000,0x00000006c3675900,0x00000006cc700000)
 Metaspace       used 20652K, capacity 21013K, committed 21120K, reserved 1069056K
  class space    used 2342K, capacity 2422K, committed 2432K, reserved 1048576K
Event: 2.554 GC heap after
Heap after GC invocations=8 (full 2):
 PSYoungGen      total 141824K, used 10735K [0x000000076b400000, 0x0000000774900000, 0x00000007c0000000)
  eden space 131072K, 0% used [0x000000076b400000,0x000000076b400000,0x0000000773400000)
  from space 10752K, 99% used [0x0000000773e80000,0x00000007748fbd78,0x0000000774900000)
  to   space 10752K, 0% used [0x0000000773400000,0x0000000773400000,0x0000000773e80000)
 ParOldGen       total 175104K, used 35437K [0x00000006c1c00000, 0x00000006cc700000, 0x000000076b400000)
  object space 175104K, 20% used [0x00000006c1c00000,0x00000006c3e9b608,0x00000006cc700000)
 Metaspace       used 20652K, capacity 21013K, committed 21120K, reserved 1069056K
  class space    used 2342K, capacity 2422K, committed 2432K, reserved 1048576K
}
Event: 57.867 GC heap before
{Heap before GC invocations=9 (full 2):
 PSYoungGen      total 141824K, used 141807K [0x000000076b400000, 0x0000000774900000, 0x00000007c0000000)
  eden space 131072K, 100% used [0x000000076b400000,0x0000000773400000,0x0000000773400000)
  from space 10752K, 99% used [0x0000000773e80000,0x00000007748fbd78,0x0000000774900000)
  to   space 10752K, 0% used [0x0000000773400000,0x0000000773400000,0x0000000773e80000)
 ParOldGen       total 175104K, used 35437K [0x00000006c1c00000, 0x00000006cc700000, 0x000000076b400000)
  object space 175104K, 20% used [0x00000006c1c00000,0x00000006c3e9b608,0x00000006cc700000)
 Metaspace       used 21697K, capacity 22037K, committed 22188K, reserved 1069056K
  class space    used 2379K, capacity 2486K, committed 2560K, reserved 1048576K
Event: 57.876 GC heap after
Heap after GC invocations=9 (full 2):
 PSYoungGen      total 141824K, used 10723K [0x000000076b400000, 0x000000077ee00000, 0x00000007c0000000)
  eden space 131072K, 0% used [0x000000076b400000,0x000000076b400000,0x0000000773400000)
  from space 10752K, 99% used [0x0000000773400000,0x0000000773e78e70,0x0000000773e80000)
  to   space 29696K, 0% used [0x000000077d100000,0x000000077d100000,0x000000077ee00000)
 ParOldGen       total 175104K, used 36868K [0x00000006c1c00000, 0x00000006cc700000, 0x000000076b400000)
  object space 175104K, 21% used [0x00000006c1c00000,0x00000006c40013b0,0x00000006cc700000)
 Metaspace       used 21697K, capacity 22037K, committed 22188K, reserved 1069056K
  class space    used 2379K, capacity 2486K, committed 2560K, reserved 1048576K
}
Event: 76.180 GC heap before
{Heap before GC invocations=10 (full 2):
 PSYoungGen      total 141824K, used 18452K [0x000000076b400000, 0x000000077ee00000, 0x00000007c0000000)
  eden space 131072K, 5% used [0x000000076b400000,0x000000076bb8c440,0x0000000773400000)
  from space 10752K, 99% used [0x0000000773400000,0x0000000773e78e70,0x0000000773e80000)
  to   space 29696K, 0% used [0x000000077d100000,0x000000077d100000,0x000000077ee00000)
 ParOldGen       total 175104K, used 36868K [0x00000006c1c00000, 0x00000006cc700000, 0x000000076b400000)
  object space 175104K, 21% used [0x00000006c1c00000,0x00000006c40013b0,0x00000006cc700000)
 Metaspace       used 21712K, capacity 22037K, committed 22188K, reserved 1069056K
  class space    used 2379K, capacity 2486K, committed 2560K, reserved 1048576K
Event: 76.190 GC heap after
Heap after GC invocations=10 (full 2):
 PSYoungGen      total 288768K, used 10691K [0x000000076b400000, 0x000000077eb00000, 0x00000007c0000000)
  eden space 262144K, 0% used [0x000000076b400000,0x000000076b400000,0x000000077b400000)
  from space 26624K, 40% used [0x000000077d100000,0x000000077db70e70,0x000000077eb00000)
  to   space 28160K, 0% used [0x000000077b400000,0x000000077b400000,0x000000077cf80000)
 ParOldGen       total 175104K, used 36876K [0x00000006c1c00000, 0x00000006cc700000, 0x000000076b400000)
  object space 175104K, 21% used [0x00000006c1c00000,0x00000006c40033b0,0x00000006cc700000)
 Metaspace       used 21712K, capacity 22037K, committed 22188K, reserved 1069056K
  class space    used 2379K, capacity 2486K, committed 2560K, reserved 1048576K
}
Event: 76.190 GC heap before
{Heap before GC invocations=11 (full 3):
 PSYoungGen      total 288768K, used 10691K [0x000000076b400000, 0x000000077eb00000, 0x00000007c0000000)
  eden space 262144K, 0% used [0x000000076b400000,0x000000076b400000,0x000000077b400000)
  from space 26624K, 40% used [0x000000077d100000,0x000000077db70e70,0x000000077eb00000)
  to   space 28160K, 0% used [0x000000077b400000,0x000000077b400000,0x000000077cf80000)
 ParOldGen       total 175104K, used 36876K [0x00000006c1c00000, 0x00000006cc700000, 0x000000076b400000)
  object space 175104K, 21% used [0x00000006c1c00000,0x00000006c40033b0,0x00000006cc700000)
 Metaspace       used 21712K, capacity 22037K, committed 22188K, reserved 1069056K
  class space    used 2379K, capacity 2486K, committed 2560K, reserved 1048576K
Event: 76.246 GC heap after
Heap after GC invocations=11 (full 3):
 PSYoungGen      total 288768K, used 0K [0x000000076b400000, 0x000000077eb00000, 0x00000007c0000000)
  eden space 262144K, 0% used [0x000000076b400000,0x000000076b400000,0x000000077b400000)
  from space 26624K, 0% used [0x000000077d100000,0x000000077d100000,0x000000077eb00000)
  to   space 28160K, 0% used [0x000000077b400000,0x000000077b400000,0x000000077cf80000)
 ParOldGen       total 88576K, used 6674K [0x00000006c1c00000, 0x00000006c7280000, 0x000000076b400000)
  object space 88576K, 7% used [0x00000006c1c00000,0x00000006c2284990,0x00000006c7280000)
 Metaspace       used 21712K, capacity 22037K, committed 22188K, reserved 1069056K
  class space    used 2379K, capacity 2486K, committed 2560K, reserved 1048576K
}

