# JRE version: Java(TM) SE Runtime Environment (8.0_192-b12) (build 1.8.0_192-b12)
# Java VM: Java HotSpot(TM) 64-Bit Server VM (25.192-b12 mixed mode windows-amd64 compressed oops)
Heap:
 PSYoungGen      total 141824K, used 7427K [0x000000076b400000, 0x000000077f100000, 0x00000007c0000000)
  eden space 131072K, 5% used [0x000000076b400000,0x000000076bb40e40,0x0000000773400000)
  from space 10752K, 0% used [0x0000000773400000,0x0000000773400000,0x0000000773e80000)
  to   space 31232K, 0% used [0x000000077d280000,0x000000077d280000,0x000000077f100000)
 ParOldGen       total 102400K, used 6718K [0x00000006c1c00000, 0x00000006c8000000, 0x000000076b400000)
  object space 102400K, 6% used [0x00000006c1c00000,0x00000006c228fa20,0x00000006c8000000)
 Metaspace       used 21769K, capacity 22133K, committed 22444K, reserved 1069056K
  class space    used 2422K, capacity 2518K, committed 2560K, reserved 1048576K
GC Heap History (10 events):
Event: 2.318 GC heap before
{Heap before GC invocations=6 (full 2):
 PSYoungGen      total 76288K, used 76282K [0x000000076b400000, 0x0000000770900000, 0x00000007c0000000)
  eden space 65536K, 100% used [0x000000076b400000,0x000000076f400000,0x000000076f400000)
  from space 10752K, 99% used [0x000000076f400000,0x000000076fe7ea10,0x000000076fe80000)
  to   space 10752K, 0% used [0x000000076fe80000,0x000000076fe80000,0x0000000770900000)
 ParOldGen       total 175104K, used 8272K [0x00000006c1c00000, 0x00000006cc700000, 0x000000076b400000)
  object space 175104K, 4% used [0x00000006c1c00000,0x00000006c2414120,0x00000006cc700000)
 Metaspace       used 20584K, capacity 20885K, committed 21120K, reserved 1069056K
  class space    used 2340K, capacity 2422K, committed 2432K, reserved 1048576K
Event: 2.324 GC heap after
Heap after GC invocations=6 (full 2):
 PSYoungGen      total 76288K, used 10736K [0x000000076b400000, 0x0000000774900000, 0x00000007c0000000)
  eden space 65536K, 0% used [0x000000076b400000,0x000000076b400000,0x000000076f400000)
  from space 10752K, 99% used [0x000000076fe80000,0x00000007708fc200,0x0000000770900000)
  to   space 10752K, 0% used [0x000000076f400000,0x000000076f400000,0x000000076fe80000)
 ParOldGen       total 175104K, used 8319K [0x00000006c1c00000, 0x00000006cc700000, 0x000000076b400000)
  object space 175104K, 4% used [0x00000006c1c00000,0x00000006c241fe68,0x00000006cc700000)
 Metaspace       used 20584K, capacity 20885K, committed 21120K, reserved 1069056K
  class space    used 2340K, capacity 2422K, committed 2432K, reserved 1048576K
}
Event: 2.421 GC heap before
{Heap before GC invocations=7 (full 2):
 PSYoungGen      total 76288K, used 76272K [0x000000076b400000, 0x0000000774900000, 0x00000007c0000000)
  eden space 65536K, 100% used [0x000000076b400000,0x000000076f400000,0x000000076f400000)
  from space 10752K, 99% used [0x000000076fe80000,0x00000007708fc200,0x0000000770900000)
  to   space 10752K, 0% used [0x000000076f400000,0x000000076f400000,0x000000076fe80000)
 ParOldGen       total 175104K, used 8319K [0x00000006c1c00000, 0x00000006cc700000, 0x000000076b400000)
  object space 175104K, 4% used [0x00000006c1c00000,0x00000006c241fe68,0x00000006cc700000)
 Metaspace       used 20597K, capacity 20885K, committed 21120K, reserved 1069056K
  class space    used 2342K, capacity 2422K, committed 2432K, reserved 1048576K
Event: 2.437 GC heap after
Heap after GC invocations=7 (full 2):
 PSYoungGen      total 76288K, used 10738K [0x000000076b400000, 0x0000000774900000, 0x00000007c0000000)
  eden space 65536K, 0% used [0x000000076b400000,0x000000076b400000,0x000000076f400000)
  from space 10752K, 99% used [0x000000076f400000,0x000000076fe7cb58,0x000000076fe80000)
  to   space 10752K, 0% used [0x0000000773e80000,0x0000000773e80000,0x0000000774900000)
 ParOldGen       total 175104K, used 27114K [0x00000006c1c00000, 0x00000006cc700000, 0x000000076b400000)
  object space 175104K, 15% used [0x00000006c1c00000,0x00000006c367ab50,0x00000006cc700000)
 Metaspace       used 20597K, capacity 20885K, committed 21120K, reserved 1069056K
  class space    used 2342K, capacity 2422K, committed 2432K, reserved 1048576K
}
Event: 2.548 GC heap before
{Heap before GC invocations=8 (full 2):
 PSYoungGen      total 76288K, used 76274K [0x000000076b400000, 0x0000000774900000, 0x00000007c0000000)
  eden space 65536K, 100% used [0x000000076b400000,0x000000076f400000,0x000000076f400000)
  from space 10752K, 99% used [0x000000076f400000,0x000000076fe7cb58,0x000000076fe80000)
  to   space 10752K, 0% used [0x0000000773e80000,0x0000000773e80000,0x0000000774900000)
 ParOldGen       total 175104K, used 27114K [0x00000006c1c00000, 0x00000006cc700000, 0x000000076b400000)
  object space 175104K, 15% used [0x00000006c1c00000,0x00000006c367ab50,0x00000006cc700000)
 Metaspace       used 20624K, capacity 20949K, committed 21120K, reserved 1069056K
  class space    used 2342K, capacity 2422K, committed 2432K, reserved 1048576K
Event: 2.561 GC heap after
Heap after GC invocations=8 (full 2):
 PSYoungGen      total 141824K, used 10725K [0x000000076b400000, 0x0000000774900000, 0x00000007c0000000)
  eden space 131072K, 0% used [0x000000076b400000,0x000000076b400000,0x0000000773400000)
  from space 10752K, 99% used [0x0000000773e80000,0x00000007748f9550,0x0000000774900000)
  to   space 10752K, 0% used [0x0000000773400000,0x0000000773400000,0x0000000773e80000)
 ParOldGen       total 175104K, used 38580K [0x00000006c1c00000, 0x00000006cc700000, 0x000000076b400000)
  object space 175104K, 22% used [0x00000006c1c00000,0x00000006c41ad058,0x00000006cc700000)
 Metaspace       used 20624K, capacity 20949K, committed 21120K, reserved 1069056K
  class space    used 2342K, capacity 2422K, committed 2432K, reserved 1048576K
}
Event: 3.966 GC heap before
{Heap before GC invocations=9 (full 2):
 PSYoungGen      total 141824K, used 65081K [0x000000076b400000, 0x0000000774900000, 0x00000007c0000000)
  eden space 131072K, 41% used [0x000000076b400000,0x000000076e915100,0x0000000773400000)
  from space 10752K, 99% used [0x0000000773e80000,0x00000007748f9550,0x0000000774900000)
  to   space 10752K, 0% used [0x0000000773400000,0x0000000773400000,0x0000000773e80000)
 ParOldGen       total 175104K, used 38580K [0x00000006c1c00000, 0x00000006cc700000, 0x000000076b400000)
  object space 175104K, 22% used [0x00000006c1c00000,0x00000006c41ad058,0x00000006cc700000)
 Metaspace       used 21754K, capacity 22069K, committed 22188K, reserved 1069056K
  class space    used 2421K, capacity 2518K, committed 2560K, reserved 1048576K
Event: 3.975 GC heap after
Heap after GC invocations=9 (full 2):
 PSYoungGen      total 141824K, used 10734K [0x000000076b400000, 0x000000077f100000, 0x00000007c0000000)
  eden space 131072K, 0% used [0x000000076b400000,0x000000076b400000,0x0000000773400000)
  from space 10752K, 99% used [0x0000000773400000,0x0000000773e7bb38,0x0000000773e80000)
  to   space 31232K, 0% used [0x000000077d280000,0x000000077d280000,0x000000077f100000)
 ParOldGen       total 175104K, used 40562K [0x00000006c1c00000, 0x00000006cc700000, 0x000000076b400000)
  object space 175104K, 23% used [0x00000006c1c00000,0x00000006c439cb38,0x00000006cc700000)
 Metaspace       used 21754K, capacity 22069K, committed 22188K, reserved 1069056K
  class space    used 2421K, capacity 2518K, committed 2560K, reserved 1048576K
}
Event: 3.975 GC heap before
{Heap before GC invocations=10 (full 3):
 PSYoungGen      total 141824K, used 10734K [0x000000076b400000, 0x000000077f100000, 0x00000007c0000000)
  eden space 131072K, 0% used [0x000000076b400000,0x000000076b400000,0x0000000773400000)
  from space 10752K, 99% used [0x0000000773400000,0x0000000773e7bb38,0x0000000773e80000)
  to   space 31232K, 0% used [0x000000077d280000,0x000000077d280000,0x000000077f100000)
 ParOldGen       total 175104K, used 40562K [0x00000006c1c00000, 0x00000006cc700000, 0x000000076b400000)
  object space 175104K, 23% used [0x00000006c1c00000,0x00000006c439cb38,0x00000006cc700000)
 Metaspace       used 21754K, capacity 22069K, committed 22188K, reserved 1069056K
  class space    used 2421K, capacity 2518K, committed 2560K, reserved 1048576K
Event: 4.011 GC heap after
Heap after GC invocations=10 (full 3):
 PSYoungGen      total 141824K, used 0K [0x000000076b400000, 0x000000077f100000, 0x00000007c0000000)
  eden space 131072K, 0% used [0x000000076b400000,0x000000076b400000,0x0000000773400000)
  from space 10752K, 0% used [0x0000000773400000,0x0000000773400000,0x0000000773e80000)
  to   space 31232K, 0% used [0x000000077d280000,0x000000077d280000,0x000000077f100000)
 ParOldGen       total 102400K, used 6718K [0x00000006c1c00000, 0x00000006c8000000, 0x000000076b400000)
  object space 102400K, 6% used [0x00000006c1c00000,0x00000006c228fa20,0x00000006c8000000)
 Metaspace       used 21754K, capacity 22069K, committed 22188K, reserved 1069056K
  class space    used 2421K, capacity 2518K, committed 2560K, reserved 1048576K
}

