# JRE version: Java(TM) SE Runtime Environment (8.0_192-b12) (build 1.8.0_192-b12)
# Java VM: Java HotSpot(TM) 64-Bit Server VM (25.192-b12 mixed mode windows-amd64 compressed oops)
Heap:
 PSYoungGen      total 141824K, used 5166K [0x000000076b400000, 0x000000077ec00000, 0x00000007c0000000)
  eden space 131072K, 3% used [0x000000076b400000,0x000000076b90b958,0x0000000773400000)
  from space 10752K, 0% used [0x0000000773400000,0x0000000773400000,0x0000000773e80000)
  to   space 28672K, 0% used [0x000000077d000000,0x000000077d000000,0x000000077ec00000)
 ParOldGen       total 100352K, used 6720K [0x00000006c1c00000, 0x00000006c7e00000, 0x000000076b400000)
  object space 100352K, 6% used [0x00000006c1c00000,0x00000006c22903f8,0x00000006c7e00000)
 Metaspace       used 21794K, capacity 22197K, committed 22444K, reserved 1069056K
  class space    used 2423K, capacity 2518K, committed 2560K, reserved 1048576K
GC Heap History (10 events):
Event: 2.225 GC heap before
{Heap before GC invocations=6 (full 2):
 PSYoungGen      total 76288K, used 76282K [0x000000076b400000, 0x0000000770900000, 0x00000007c0000000)
  eden space 65536K, 100% used [0x000000076b400000,0x000000076f400000,0x000000076f400000)
  from space 10752K, 99% used [0x000000076f400000,0x000000076fe7ea20,0x000000076fe80000)
  to   space 10752K, 0% used [0x000000076fe80000,0x000000076fe80000,0x0000000770900000)
 ParOldGen       total 175104K, used 8315K [0x00000006c1c00000, 0x00000006cc700000, 0x000000076b400000)
  object space 175104K, 4% used [0x00000006c1c00000,0x00000006c241ed08,0x00000006cc700000)
 Metaspace       used 20598K, capacity 20885K, committed 21120K, reserved 1069056K
  class space    used 2342K, capacity 2422K, committed 2432K, reserved 1048576K
Event: 2.231 GC heap after
Heap after GC invocations=6 (full 2):
 PSYoungGen      total 76288K, used 10735K [0x000000076b400000, 0x0000000774900000, 0x00000007c0000000)
  eden space 65536K, 0% used [0x000000076b400000,0x000000076b400000,0x000000076f400000)
  from space 10752K, 99% used [0x000000076fe80000,0x00000007708fbe00,0x0000000770900000)
  to   space 10752K, 0% used [0x000000076f400000,0x000000076f400000,0x000000076fe80000)
 ParOldGen       total 175104K, used 8356K [0x00000006c1c00000, 0x00000006cc700000, 0x000000076b400000)
  object space 175104K, 4% used [0x00000006c1c00000,0x00000006c2429298,0x00000006cc700000)
 Metaspace       used 20598K, capacity 20885K, committed 21120K, reserved 1069056K
  class space    used 2342K, capacity 2422K, committed 2432K, reserved 1048576K
}
Event: 2.342 GC heap before
{Heap before GC invocations=7 (full 2):
 PSYoungGen      total 76288K, used 76271K [0x000000076b400000, 0x0000000774900000, 0x00000007c0000000)
  eden space 65536K, 100% used [0x000000076b400000,0x000000076f400000,0x000000076f400000)
  from space 10752K, 99% used [0x000000076fe80000,0x00000007708fbe00,0x0000000770900000)
  to   space 10752K, 0% used [0x000000076f400000,0x000000076f400000,0x000000076fe80000)
 ParOldGen       total 175104K, used 8356K [0x00000006c1c00000, 0x00000006cc700000, 0x000000076b400000)
  object space 175104K, 4% used [0x00000006c1c00000,0x00000006c2429298,0x00000006cc700000)
 Metaspace       used 20611K, capacity 20981K, committed 21248K, reserved 1069056K
  class space    used 2343K, capacity 2454K, committed 2560K, reserved 1048576K
Event: 2.356 GC heap after
Heap after GC invocations=7 (full 2):
 PSYoungGen      total 76288K, used 10727K [0x000000076b400000, 0x0000000774900000, 0x00000007c0000000)
  eden space 65536K, 0% used [0x000000076b400000,0x000000076b400000,0x000000076f400000)
  from space 10752K, 99% used [0x000000076f400000,0x000000076fe79f58,0x000000076fe80000)
  to   space 10752K, 0% used [0x0000000773e80000,0x0000000773e80000,0x0000000774900000)
 ParOldGen       total 175104K, used 27076K [0x00000006c1c00000, 0x00000006cc700000, 0x000000076b400000)
  object space 175104K, 15% used [0x00000006c1c00000,0x00000006c3671220,0x00000006cc700000)
 Metaspace       used 20611K, capacity 20981K, committed 21248K, reserved 1069056K
  class space    used 2343K, capacity 2454K, committed 2560K, reserved 1048576K
}
Event: 2.466 GC heap before
{Heap before GC invocations=8 (full 2):
 PSYoungGen      total 76288K, used 76263K [0x000000076b400000, 0x0000000774900000, 0x00000007c0000000)
  eden space 65536K, 100% used [0x000000076b400000,0x000000076f400000,0x000000076f400000)
  from space 10752K, 99% used [0x000000076f400000,0x000000076fe79f58,0x000000076fe80000)
  to   space 10752K, 0% used [0x0000000773e80000,0x0000000773e80000,0x0000000774900000)
 ParOldGen       total 175104K, used 27076K [0x00000006c1c00000, 0x00000006cc700000, 0x000000076b400000)
  object space 175104K, 15% used [0x00000006c1c00000,0x00000006c3671220,0x00000006cc700000)
 Metaspace       used 20631K, capacity 21045K, committed 21248K, reserved 1069056K
  class space    used 2343K, capacity 2454K, committed 2560K, reserved 1048576K
Event: 2.478 GC heap after
Heap after GC invocations=8 (full 2):
 PSYoungGen      total 141824K, used 10751K [0x000000076b400000, 0x0000000774900000, 0x00000007c0000000)
  eden space 131072K, 0% used [0x000000076b400000,0x000000076b400000,0x0000000773400000)
  from space 10752K, 99% used [0x0000000773e80000,0x00000007748ffde0,0x0000000774900000)
  to   space 10752K, 0% used [0x0000000773400000,0x0000000773400000,0x0000000773e80000)
 ParOldGen       total 175104K, used 34361K [0x00000006c1c00000, 0x00000006cc700000, 0x000000076b400000)
  object space 175104K, 19% used [0x00000006c1c00000,0x00000006c3d8e7a0,0x00000006cc700000)
 Metaspace       used 20631K, capacity 21045K, committed 21248K, reserved 1069056K
  class space    used 2343K, capacity 2454K, committed 2560K, reserved 1048576K
}
Event: 3.989 GC heap before
{Heap before GC invocations=9 (full 2):
 PSYoungGen      total 141824K, used 66866K [0x000000076b400000, 0x0000000774900000, 0x00000007c0000000)
  eden space 131072K, 42% used [0x000000076b400000,0x000000076eaccb30,0x0000000773400000)
  from space 10752K, 99% used [0x0000000773e80000,0x00000007748ffde0,0x0000000774900000)
  to   space 10752K, 0% used [0x0000000773400000,0x0000000773400000,0x0000000773e80000)
 ParOldGen       total 175104K, used 34361K [0x00000006c1c00000, 0x00000006cc700000, 0x000000076b400000)
  object space 175104K, 19% used [0x00000006c1c00000,0x00000006c3d8e7a0,0x00000006cc700000)
 Metaspace       used 21726K, capacity 22069K, committed 22188K, reserved 1069056K
  class space    used 2423K, capacity 2518K, committed 2560K, reserved 1048576K
Event: 3.997 GC heap after
Heap after GC invocations=9 (full 2):
 PSYoungGen      total 141824K, used 10734K [0x000000076b400000, 0x000000077ec00000, 0x00000007c0000000)
  eden space 131072K, 0% used [0x000000076b400000,0x000000076b400000,0x0000000773400000)
  from space 10752K, 99% used [0x0000000773400000,0x0000000773e7ba90,0x0000000773e80000)
  to   space 28672K, 0% used [0x000000077d000000,0x000000077d000000,0x000000077ec00000)
 ParOldGen       total 175104K, used 36843K [0x00000006c1c00000, 0x00000006cc700000, 0x000000076b400000)
  object space 175104K, 21% used [0x00000006c1c00000,0x00000006c3ffaf08,0x00000006cc700000)
 Metaspace       used 21726K, capacity 22069K, committed 22188K, reserved 1069056K
  class space    used 2423K, capacity 2518K, committed 2560K, reserved 1048576K
}
Event: 3.997 GC heap before
{Heap before GC invocations=10 (full 3):
 PSYoungGen      total 141824K, used 10734K [0x000000076b400000, 0x000000077ec00000, 0x00000007c0000000)
  eden space 131072K, 0% used [0x000000076b400000,0x000000076b400000,0x0000000773400000)
  from space 10752K, 99% used [0x0000000773400000,0x0000000773e7ba90,0x0000000773e80000)
  to   space 28672K, 0% used [0x000000077d000000,0x000000077d000000,0x000000077ec00000)
 ParOldGen       total 175104K, used 36843K [0x00000006c1c00000, 0x00000006cc700000, 0x000000076b400000)
  object space 175104K, 21% used [0x00000006c1c00000,0x00000006c3ffaf08,0x00000006cc700000)
 Metaspace       used 21726K, capacity 22069K, committed 22188K, reserved 1069056K
  class space    used 2423K, capacity 2518K, committed 2560K, reserved 1048576K
Event: 4.032 GC heap after
Heap after GC invocations=10 (full 3):
 PSYoungGen      total 141824K, used 0K [0x000000076b400000, 0x000000077ec00000, 0x00000007c0000000)
  eden space 131072K, 0% used [0x000000076b400000,0x000000076b400000,0x0000000773400000)
  from space 10752K, 0% used [0x0000000773400000,0x0000000773400000,0x0000000773e80000)
  to   space 28672K, 0% used [0x000000077d000000,0x000000077d000000,0x000000077ec00000)
 ParOldGen       total 100352K, used 6720K [0x00000006c1c00000, 0x00000006c7e00000, 0x000000076b400000)
  object space 100352K, 6% used [0x00000006c1c00000,0x00000006c22903f8,0x00000006c7e00000)
 Metaspace       used 21726K, capacity 22069K, committed 22188K, reserved 1069056K
  class space    used 2423K, capacity 2518K, committed 2560K, reserved 1048576K
}

