# JRE version: Java(TM) SE Runtime Environment (8.0_192-b12) (build 1.8.0_192-b12)
# Java VM: Java HotSpot(TM) 64-Bit Server VM (25.192-b12 mixed mode windows-amd64 compressed oops)
Heap:
 PSYoungGen      total 141824K, used 6116K [0x000000076b400000, 0x000000077ed00000, 0x00000007c0000000)
  eden space 131072K, 4% used [0x000000076b400000,0x000000076b9f9310,0x0000000773400000)
  from space 10752K, 0% used [0x0000000773400000,0x0000000773400000,0x0000000773e80000)
  to   space 29184K, 0% used [0x000000077d080000,0x000000077d080000,0x000000077ed00000)
 ParOldGen       total 91136K, used 6928K [0x00000006c1c00000, 0x00000006c7500000, 0x000000076b400000)
  object space 91136K, 7% used [0x00000006c1c00000,0x00000006c22c4030,0x00000006c7500000)
 Metaspace       used 22253K, capacity 22581K, committed 22872K, reserved 1069056K
  class space    used 2438K, capacity 2518K, committed 2560K, reserved 1048576K
GC Heap History (10 events):
Event: 2.306 GC heap before
{Heap before GC invocations=6 (full 2):
 PSYoungGen      total 76288K, used 76266K [0x000000076b400000, 0x0000000770900000, 0x00000007c0000000)
  eden space 65536K, 100% used [0x000000076b400000,0x000000076f400000,0x000000076f400000)
  from space 10752K, 99% used [0x000000076f400000,0x000000076fe7aa00,0x000000076fe80000)
  to   space 10752K, 0% used [0x000000076fe80000,0x000000076fe80000,0x0000000770900000)
 ParOldGen       total 175104K, used 8285K [0x00000006c1c00000, 0x00000006cc700000, 0x000000076b400000)
  object space 175104K, 4% used [0x00000006c1c00000,0x00000006c2417478,0x00000006cc700000)
 Metaspace       used 20745K, capacity 21077K, committed 21120K, reserved 1069056K
  class space    used 2342K, capacity 2422K, committed 2432K, reserved 1048576K
Event: 2.312 GC heap after
Heap after GC invocations=6 (full 2):
 PSYoungGen      total 76288K, used 10740K [0x000000076b400000, 0x0000000774900000, 0x00000007c0000000)
  eden space 65536K, 0% used [0x000000076b400000,0x000000076b400000,0x000000076f400000)
  from space 10752K, 99% used [0x000000076fe80000,0x00000007708fd1a8,0x0000000770900000)
  to   space 10752K, 0% used [0x000000076f400000,0x000000076f400000,0x000000076fe80000)
 ParOldGen       total 175104K, used 8347K [0x00000006c1c00000, 0x00000006cc700000, 0x000000076b400000)
  object space 175104K, 4% used [0x00000006c1c00000,0x00000006c2426f88,0x00000006cc700000)
 Metaspace       used 20745K, capacity 21077K, committed 21120K, reserved 1069056K
  class space    used 2342K, capacity 2422K, committed 2432K, reserved 1048576K
}
Event: 2.411 GC heap before
{Heap before GC invocations=7 (full 2):
 PSYoungGen      total 76288K, used 76276K [0x000000076b400000, 0x0000000774900000, 0x00000007c0000000)
  eden space 65536K, 100% used [0x000000076b400000,0x000000076f400000,0x000000076f400000)
  from space 10752K, 99% used [0x000000076fe80000,0x00000007708fd1a8,0x0000000770900000)
  to   space 10752K, 0% used [0x000000076f400000,0x000000076f400000,0x000000076fe80000)
 ParOldGen       total 175104K, used 8347K [0x00000006c1c00000, 0x00000006cc700000, 0x000000076b400000)
  object space 175104K, 4% used [0x00000006c1c00000,0x00000006c2426f88,0x00000006cc700000)
 Metaspace       used 20759K, capacity 21109K, committed 21248K, reserved 1069056K
  class space    used 2343K, capacity 2454K, committed 2560K, reserved 1048576K
Event: 2.425 GC heap after
Heap after GC invocations=7 (full 2):
 PSYoungGen      total 76288K, used 10732K [0x000000076b400000, 0x0000000774900000, 0x00000007c0000000)
  eden space 65536K, 0% used [0x000000076b400000,0x000000076b400000,0x000000076f400000)
  from space 10752K, 99% used [0x000000076f400000,0x000000076fe7b018,0x000000076fe80000)
  to   space 10752K, 0% used [0x0000000773e80000,0x0000000773e80000,0x0000000774900000)
 ParOldGen       total 175104K, used 27111K [0x00000006c1c00000, 0x00000006cc700000, 0x000000076b400000)
  object space 175104K, 15% used [0x00000006c1c00000,0x00000006c3679e50,0x00000006cc700000)
 Metaspace       used 20759K, capacity 21109K, committed 21248K, reserved 1069056K
  class space    used 2343K, capacity 2454K, committed 2560K, reserved 1048576K
}
Event: 2.531 GC heap before
{Heap before GC invocations=8 (full 2):
 PSYoungGen      total 76288K, used 76268K [0x000000076b400000, 0x0000000774900000, 0x00000007c0000000)
  eden space 65536K, 100% used [0x000000076b400000,0x000000076f400000,0x000000076f400000)
  from space 10752K, 99% used [0x000000076f400000,0x000000076fe7b018,0x000000076fe80000)
  to   space 10752K, 0% used [0x0000000773e80000,0x0000000773e80000,0x0000000774900000)
 ParOldGen       total 175104K, used 27111K [0x00000006c1c00000, 0x00000006cc700000, 0x000000076b400000)
  object space 175104K, 15% used [0x00000006c1c00000,0x00000006c3679e50,0x00000006cc700000)
 Metaspace       used 20783K, capacity 21173K, committed 21504K, reserved 1069056K
  class space    used 2343K, capacity 2454K, committed 2560K, reserved 1048576K
Event: 2.542 GC heap after
Heap after GC invocations=8 (full 2):
 PSYoungGen      total 141824K, used 10722K [0x000000076b400000, 0x0000000774900000, 0x00000007c0000000)
  eden space 131072K, 0% used [0x000000076b400000,0x000000076b400000,0x0000000773400000)
  from space 10752K, 99% used [0x0000000773e80000,0x00000007748f8818,0x0000000774900000)
  to   space 10752K, 0% used [0x0000000773400000,0x0000000773400000,0x0000000773e80000)
 ParOldGen       total 175104K, used 34154K [0x00000006c1c00000, 0x00000006cc700000, 0x000000076b400000)
  object space 175104K, 19% used [0x00000006c1c00000,0x00000006c3d5a988,0x00000006cc700000)
 Metaspace       used 20783K, capacity 21173K, committed 21504K, reserved 1069056K
  class space    used 2343K, capacity 2454K, committed 2560K, reserved 1048576K
}
Event: 13.950 GC heap before
{Heap before GC invocations=9 (full 2):
 PSYoungGen      total 141824K, used 70080K [0x000000076b400000, 0x0000000774900000, 0x00000007c0000000)
  eden space 131072K, 45% used [0x000000076b400000,0x000000076edf7b18,0x0000000773400000)
  from space 10752K, 99% used [0x0000000773e80000,0x00000007748f8818,0x0000000774900000)
  to   space 10752K, 0% used [0x0000000773400000,0x0000000773400000,0x0000000773e80000)
 ParOldGen       total 175104K, used 34154K [0x00000006c1c00000, 0x00000006cc700000, 0x000000076b400000)
  object space 175104K, 19% used [0x00000006c1c00000,0x00000006c3d5a988,0x00000006cc700000)
 Metaspace       used 22249K, capacity 22517K, committed 22616K, reserved 1069056K
  class space    used 2438K, capacity 2518K, committed 2560K, reserved 1048576K
Event: 13.959 GC heap after
Heap after GC invocations=9 (full 2):
 PSYoungGen      total 141824K, used 10723K [0x000000076b400000, 0x000000077ed00000, 0x00000007c0000000)
  eden space 131072K, 0% used [0x000000076b400000,0x000000076b400000,0x0000000773400000)
  from space 10752K, 99% used [0x0000000773400000,0x0000000773e78f60,0x0000000773e80000)
  to   space 29184K, 0% used [0x000000077d080000,0x000000077d080000,0x000000077ed00000)
 ParOldGen       total 175104K, used 37411K [0x00000006c1c00000, 0x00000006cc700000, 0x000000076b400000)
  object space 175104K, 21% used [0x00000006c1c00000,0x00000006c4088ea0,0x00000006cc700000)
 Metaspace       used 22249K, capacity 22517K, committed 22616K, reserved 1069056K
  class space    used 2438K, capacity 2518K, committed 2560K, reserved 1048576K
}
Event: 13.959 GC heap before
{Heap before GC invocations=10 (full 3):
 PSYoungGen      total 141824K, used 10723K [0x000000076b400000, 0x000000077ed00000, 0x00000007c0000000)
  eden space 131072K, 0% used [0x000000076b400000,0x000000076b400000,0x0000000773400000)
  from space 10752K, 99% used [0x0000000773400000,0x0000000773e78f60,0x0000000773e80000)
  to   space 29184K, 0% used [0x000000077d080000,0x000000077d080000,0x000000077ed00000)
 ParOldGen       total 175104K, used 37411K [0x00000006c1c00000, 0x00000006cc700000, 0x000000076b400000)
  object space 175104K, 21% used [0x00000006c1c00000,0x00000006c4088ea0,0x00000006cc700000)
 Metaspace       used 22249K, capacity 22517K, committed 22616K, reserved 1069056K
  class space    used 2438K, capacity 2518K, committed 2560K, reserved 1048576K
Event: 14.000 GC heap after
Heap after GC invocations=10 (full 3):
 PSYoungGen      total 141824K, used 0K [0x000000076b400000, 0x000000077ed00000, 0x00000007c0000000)
  eden space 131072K, 0% used [0x000000076b400000,0x000000076b400000,0x0000000773400000)
  from space 10752K, 0% used [0x0000000773400000,0x0000000773400000,0x0000000773e80000)
  to   space 29184K, 0% used [0x000000077d080000,0x000000077d080000,0x000000077ed00000)
 ParOldGen       total 91136K, used 6928K [0x00000006c1c00000, 0x00000006c7500000, 0x000000076b400000)
  object space 91136K, 7% used [0x00000006c1c00000,0x00000006c22c4030,0x00000006c7500000)
 Metaspace       used 22249K, capacity 22517K, committed 22616K, reserved 1069056K
  class space    used 2438K, capacity 2518K, committed 2560K, reserved 1048576K
}

